------------------------------------------------------------------------------------------------------------------------

[2020-10-19 17:39:08 #1 store] 
Database 'C:\Users\Aitor\git\Bets20IE\src\main\resources\bets.temp' is opened by 12024@DESKTOP-D9HMB1D

[2020-10-19 17:39:08 #2 type] 
Type domain.Question is not enhanced.

[2020-10-19 17:39:08 #3 type] 
Type domain.Event is not enhanced.

[2020-10-19 17:39:08 #4 type] 
Type domain.User is not enhanced.

[2020-10-19 17:39:08 #5 type] 
Type domain.Kuota is not enhanced.

[2020-10-19 17:39:08 #6 type] 
Type domain.Registered is not enhanced.

[2020-10-19 17:39:08 #7 type] 
Type domain.Mugimendua is not enhanced.

[2020-10-19 17:39:08 #8 type] 
Type domain.MoneyTrans is not enhanced.

[2020-10-19 17:39:08 #9 type] 
Type domain.Apustua is not enhanced.

[2020-10-19 17:39:08 #10 type] 
Type domain.Admin is not enhanced.

[2020-10-19 17:39:08 #11 type] 
Type domain.MultipleBet is not enhanced.

------------------------------------------------------------------------------------------------------------------------

[2020-10-19 17:39:39 #1 store] 
Database 'C:\Users\Aitor\git\Bets20IE\src\main\resources\bets.temp' has been recovered (tr. 952-952)

[2020-10-19 17:39:39 #2 store] 
Database 'C:\Users\Aitor\git\Bets20IE\src\main\resources\bets.temp' is opened by 5892@DESKTOP-D9HMB1D

[2020-10-19 17:39:39 #3 type] 
Type domain.Question is not enhanced.

[2020-10-19 17:39:39 #4 type] 
Type domain.Event is not enhanced.

[2020-10-19 17:39:39 #5 type] 
Type domain.User is not enhanced.

[2020-10-19 17:39:39 #6 type] 
Type domain.Kuota is not enhanced.

[2020-10-19 17:39:39 #7 type] 
Type domain.Registered is not enhanced.

[2020-10-19 17:39:39 #8 type] 
Type domain.Mugimendua is not enhanced.

[2020-10-19 17:39:39 #9 type] 
Type domain.MoneyTrans is not enhanced.

[2020-10-19 17:39:39 #10 type] 
Type domain.Apustua is not enhanced.

[2020-10-19 17:39:39 #11 type] 
Type domain.Admin is not enhanced.

[2020-10-19 17:39:39 #12 type] 
Type domain.MultipleBet is not enhanced.

------------------------------------------------------------------------------------------------------------------------

[2020-10-19 17:43:59 #1 store] 
Database 'C:\Users\Aitor\git\Bets20IE\src\main\resources\bets.temp' is opened by 10760@DESKTOP-D9HMB1D

[2020-10-19 17:43:59 #2 type] 
Type domain.Question is not enhanced.

[2020-10-19 17:43:59 #3 type] 
Type domain.Event is not enhanced.

[2020-10-19 17:43:59 #4 type] 
Type domain.User is not enhanced.

[2020-10-19 17:43:59 #5 type] 
Type domain.Kuota is not enhanced.

[2020-10-19 17:43:59 #6 type] 
Type domain.Registered is not enhanced.

[2020-10-19 17:43:59 #7 type] 
Type domain.Mugimendua is not enhanced.

[2020-10-19 17:43:59 #8 type] 
Type domain.MoneyTrans is not enhanced.

[2020-10-19 17:43:59 #9 type] 
Type domain.Apustua is not enhanced.

[2020-10-19 17:43:59 #10 type] 
Type domain.Admin is not enhanced.

[2020-10-19 17:43:59 #11 type] 
Type domain.MultipleBet is not enhanced.

------------------------------------------------------------------------------------------------------------------------

[2020-10-19 17:49:51 #1 store] 
Database 'C:\Users\Aitor\git\Bets20IE\src\main\resources\bets.temp' is opened by 9888@DESKTOP-D9HMB1D

[2020-10-19 17:49:51 #2 type] 
Type domain.Question is not enhanced.

[2020-10-19 17:49:51 #3 type] 
Type domain.Event is not enhanced.

[2020-10-19 17:49:51 #4 type] 
Type domain.User is not enhanced.

[2020-10-19 17:49:51 #5 type] 
Type domain.Kuota is not enhanced.

[2020-10-19 17:49:51 #6 type] 
Type domain.Registered is not enhanced.

[2020-10-19 17:49:51 #7 type] 
Type domain.Mugimendua is not enhanced.

[2020-10-19 17:49:51 #8 type] 
Type domain.MoneyTrans is not enhanced.

[2020-10-19 17:49:51 #9 type] 
Type domain.Apustua is not enhanced.

[2020-10-19 17:49:51 #10 type] 
Type domain.Admin is not enhanced.

[2020-10-19 17:49:51 #11 type] 
Type domain.MultipleBet is not enhanced.

------------------------------------------------------------------------------------------------------------------------

[2020-10-19 17:53:26 #1 store] 
Database 'C:\Users\Aitor\git\Bets20IE\src\main\resources\bets.temp' is opened by 3440@DESKTOP-D9HMB1D

[2020-10-19 17:53:26 #2 type] 
Type domain.Question is not enhanced.

[2020-10-19 17:53:26 #3 type] 
Type domain.Event is not enhanced.

[2020-10-19 17:53:26 #4 type] 
Type domain.User is not enhanced.

[2020-10-19 17:53:26 #5 type] 
Type domain.Kuota is not enhanced.

[2020-10-19 17:53:26 #6 type] 
Type domain.Registered is not enhanced.

[2020-10-19 17:53:26 #7 type] 
Type domain.Mugimendua is not enhanced.

[2020-10-19 17:53:26 #8 type] 
Type domain.MoneyTrans is not enhanced.

[2020-10-19 17:53:27 #9 type] 
Type domain.Apustua is not enhanced.

[2020-10-19 17:53:27 #10 type] 
Type domain.Admin is not enhanced.

[2020-10-19 17:53:27 #11 type] 
Type domain.MultipleBet is not enhanced.

------------------------------------------------------------------------------------------------------------------------

[2020-10-19 17:54:00 #1 store] 
Database 'C:\Users\Aitor\git\Bets20IE\src\main\resources\bets.temp' is opened by 5856@DESKTOP-D9HMB1D

[2020-10-19 17:54:00 #2 type] 
Type domain.Question is not enhanced.

[2020-10-19 17:54:00 #3 type] 
Type domain.Event is not enhanced.

[2020-10-19 17:54:00 #4 type] 
Type domain.User is not enhanced.

[2020-10-19 17:54:00 #5 type] 
Type domain.Kuota is not enhanced.

[2020-10-19 17:54:00 #6 type] 
Type domain.Registered is not enhanced.

[2020-10-19 17:54:00 #7 type] 
Type domain.Mugimendua is not enhanced.

[2020-10-19 17:54:00 #8 type] 
Type domain.MoneyTrans is not enhanced.

[2020-10-19 17:54:00 #9 type] 
Type domain.Apustua is not enhanced.

[2020-10-19 17:54:00 #10 type] 
Type domain.Admin is not enhanced.

[2020-10-19 17:54:00 #11 type] 
Type domain.MultipleBet is not enhanced.

------------------------------------------------------------------------------------------------------------------------

[2020-10-19 17:54:16 #1 store] 
Database 'C:\Users\Aitor\git\Bets20IE\src\main\resources\bets.temp' is opened by 11256@DESKTOP-D9HMB1D

[2020-10-19 17:54:16 #2 type] 
Type domain.Question is not enhanced.

[2020-10-19 17:54:16 #3 type] 
Type domain.Event is not enhanced.

[2020-10-19 17:54:16 #4 type] 
Type domain.User is not enhanced.

[2020-10-19 17:54:16 #5 type] 
Type domain.Kuota is not enhanced.

[2020-10-19 17:54:16 #6 type] 
Type domain.Registered is not enhanced.

[2020-10-19 17:54:16 #7 type] 
Type domain.Mugimendua is not enhanced.

[2020-10-19 17:54:16 #8 type] 
Type domain.MoneyTrans is not enhanced.

[2020-10-19 17:54:16 #9 type] 
Type domain.Apustua is not enhanced.

[2020-10-19 17:54:16 #10 type] 
Type domain.Admin is not enhanced.

[2020-10-19 17:54:16 #11 type] 
Type domain.MultipleBet is not enhanced.

------------------------------------------------------------------------------------------------------------------------

[2020-10-19 17:57:17 #1 store] 
Database 'C:\Users\Aitor\git\Bets20IE\src\main\resources\bets.temp' is opened by 6168@DESKTOP-D9HMB1D

[2020-10-19 17:57:17 #2 type] 
Type domain.Question is not enhanced.

[2020-10-19 17:57:17 #3 type] 
Type domain.Event is not enhanced.

[2020-10-19 17:57:17 #4 type] 
Type domain.User is not enhanced.

[2020-10-19 17:57:17 #5 type] 
Type domain.Kuota is not enhanced.

[2020-10-19 17:57:17 #6 type] 
Type domain.Registered is not enhanced.

[2020-10-19 17:57:17 #7 type] 
Type domain.Mugimendua is not enhanced.

[2020-10-19 17:57:17 #8 type] 
Type domain.MoneyTrans is not enhanced.

[2020-10-19 17:57:17 #9 type] 
Type domain.Apustua is not enhanced.

[2020-10-19 17:57:17 #10 type] 
Type domain.Admin is not enhanced.

[2020-10-19 17:57:18 #11 type] 
Type domain.MultipleBet is not enhanced.

------------------------------------------------------------------------------------------------------------------------

[2020-10-19 17:59:07 #1 store] 
Database 'C:\Users\Aitor\git\Bets20IE\src\main\resources\bets.temp' is opened by 6680@DESKTOP-D9HMB1D

[2020-10-19 17:59:07 #2 type] 
Type domain.Question is not enhanced.

[2020-10-19 17:59:07 #3 type] 
Type domain.Event is not enhanced.

[2020-10-19 17:59:07 #4 type] 
Type domain.User is not enhanced.

[2020-10-19 17:59:07 #5 type] 
Type domain.Kuota is not enhanced.

[2020-10-19 17:59:07 #6 type] 
Type domain.Registered is not enhanced.

[2020-10-19 17:59:07 #7 type] 
Type domain.Mugimendua is not enhanced.

[2020-10-19 17:59:07 #8 type] 
Type domain.MoneyTrans is not enhanced.

[2020-10-19 17:59:07 #9 type] 
Type domain.Apustua is not enhanced.

[2020-10-19 17:59:07 #10 type] 
Type domain.Admin is not enhanced.

[2020-10-19 17:59:07 #11 type] 
Type domain.MultipleBet is not enhanced.

------------------------------------------------------------------------------------------------------------------------

[2020-10-19 18:03:10 #1 store] 
Database 'C:\Users\Aitor\git\Bets20IE\src\main\resources\bets.temp' is opened by 10116@DESKTOP-D9HMB1D

[2020-10-19 18:03:10 #2 type] 
Type domain.Question is not enhanced.

[2020-10-19 18:03:10 #3 type] 
Type domain.Event is not enhanced.

[2020-10-19 18:03:10 #4 type] 
Type domain.User is not enhanced.

[2020-10-19 18:03:10 #5 type] 
Type domain.Kuota is not enhanced.

[2020-10-19 18:03:10 #6 type] 
Type domain.Registered is not enhanced.

[2020-10-19 18:03:10 #7 type] 
Type domain.Mugimendua is not enhanced.

[2020-10-19 18:03:10 #8 type] 
Type domain.MoneyTrans is not enhanced.

[2020-10-19 18:03:10 #9 type] 
Type domain.Apustua is not enhanced.

[2020-10-19 18:03:10 #10 type] 
Type domain.Admin is not enhanced.

[2020-10-19 18:03:10 #11 type] 
Type domain.MultipleBet is not enhanced.

------------------------------------------------------------------------------------------------------------------------

[2020-10-19 18:05:22 #1 store] 
Database 'C:\Users\Aitor\git\Bets20IE\src\main\resources\bets.temp' is opened by 9808@DESKTOP-D9HMB1D

[2020-10-19 18:05:22 #2 type] 
Type domain.Question is not enhanced.

[2020-10-19 18:05:22 #3 type] 
Type domain.Event is not enhanced.

[2020-10-19 18:05:22 #4 type] 
Type domain.User is not enhanced.

[2020-10-19 18:05:22 #5 type] 
Type domain.Kuota is not enhanced.

[2020-10-19 18:05:22 #6 type] 
Type domain.Registered is not enhanced.

[2020-10-19 18:05:22 #7 type] 
Type domain.Mugimendua is not enhanced.

[2020-10-19 18:05:22 #8 type] 
Type domain.MoneyTrans is not enhanced.

[2020-10-19 18:05:22 #9 type] 
Type domain.Apustua is not enhanced.

[2020-10-19 18:05:22 #10 type] 
Type domain.Admin is not enhanced.

[2020-10-19 18:05:22 #11 type] 
Type domain.MultipleBet is not enhanced.

------------------------------------------------------------------------------------------------------------------------

[2020-10-19 18:05:23 #1 store] 
Database 'C:\Users\Aitor\git\Bets20IE\src\main\resources\bets.temp' is opened by 6384@DESKTOP-D9HMB1D

[2020-10-19 18:05:23 #2 type] 
Type domain.Question is not enhanced.

[2020-10-19 18:05:23 #3 type] 
Type domain.Event is not enhanced.

[2020-10-19 18:05:23 #4 type] 
Type domain.User is not enhanced.

[2020-10-19 18:05:23 #5 type] 
Type domain.Kuota is not enhanced.

[2020-10-19 18:05:23 #6 type] 
Type domain.Registered is not enhanced.

[2020-10-19 18:05:23 #7 type] 
Type domain.Mugimendua is not enhanced.

[2020-10-19 18:05:23 #8 type] 
Type domain.MoneyTrans is not enhanced.

[2020-10-19 18:05:23 #9 type] 
Type domain.Apustua is not enhanced.

[2020-10-19 18:05:23 #10 type] 
Type domain.Admin is not enhanced.

[2020-10-19 18:05:23 #11 type] 
Type domain.MultipleBet is not enhanced.

------------------------------------------------------------------------------------------------------------------------

[2020-10-19 18:05:54 #1 store] 
Database 'C:\Users\Aitor\git\Bets20IE\src\main\resources\bets.temp' is opened by 2388@DESKTOP-D9HMB1D

[2020-10-19 18:05:54 #2 type] 
Type domain.Question is not enhanced.

[2020-10-19 18:05:54 #3 type] 
Type domain.Event is not enhanced.

[2020-10-19 18:05:54 #4 type] 
Type domain.User is not enhanced.

[2020-10-19 18:05:54 #5 type] 
Type domain.Kuota is not enhanced.

[2020-10-19 18:05:54 #6 type] 
Type domain.Registered is not enhanced.

[2020-10-19 18:05:54 #7 type] 
Type domain.Mugimendua is not enhanced.

[2020-10-19 18:05:54 #8 type] 
Type domain.MoneyTrans is not enhanced.

[2020-10-19 18:05:54 #9 type] 
Type domain.Apustua is not enhanced.

[2020-10-19 18:05:54 #10 type] 
Type domain.Admin is not enhanced.

[2020-10-19 18:05:54 #11 type] 
Type domain.MultipleBet is not enhanced.

------------------------------------------------------------------------------------------------------------------------

[2020-10-19 18:06:28 #1 store] 
Database 'C:\Users\Aitor\git\Bets20IE\src\main\resources\bets.temp' is opened by 3076@DESKTOP-D9HMB1D

[2020-10-19 18:06:28 #2 type] 
Type domain.Question is not enhanced.

[2020-10-19 18:06:28 #3 type] 
Type domain.Event is not enhanced.

[2020-10-19 18:06:28 #4 type] 
Type domain.User is not enhanced.

[2020-10-19 18:06:28 #5 type] 
Type domain.Kuota is not enhanced.

[2020-10-19 18:06:28 #6 type] 
Type domain.Registered is not enhanced.

[2020-10-19 18:06:28 #7 type] 
Type domain.Mugimendua is not enhanced.

[2020-10-19 18:06:28 #8 type] 
Type domain.MoneyTrans is not enhanced.

[2020-10-19 18:06:28 #9 type] 
Type domain.Apustua is not enhanced.

[2020-10-19 18:06:28 #10 type] 
Type domain.Admin is not enhanced.

[2020-10-19 18:06:28 #11 type] 
Type domain.MultipleBet is not enhanced.

------------------------------------------------------------------------------------------------------------------------

[2020-10-19 18:06:46 #1 store] 
Database 'C:\Users\Aitor\git\Bets20IE\src\main\resources\bets.temp' is opened by 11480@DESKTOP-D9HMB1D

[2020-10-19 18:06:46 #2 type] 
Type domain.Question is not enhanced.

[2020-10-19 18:06:46 #3 type] 
Type domain.Event is not enhanced.

[2020-10-19 18:06:46 #4 type] 
Type domain.User is not enhanced.

[2020-10-19 18:06:46 #5 type] 
Type domain.Kuota is not enhanced.

[2020-10-19 18:06:46 #6 type] 
Type domain.Registered is not enhanced.

[2020-10-19 18:06:46 #7 type] 
Type domain.Mugimendua is not enhanced.

[2020-10-19 18:06:46 #8 type] 
Type domain.MoneyTrans is not enhanced.

[2020-10-19 18:06:46 #9 type] 
Type domain.Apustua is not enhanced.

[2020-10-19 18:06:46 #10 type] 
Type domain.Admin is not enhanced.

[2020-10-19 18:06:46 #11 type] 
Type domain.MultipleBet is not enhanced.

