------------------------------------------------------------------------------------------------------------------------

[2020-11-15 01:01:29 #1 store] 
Database 'C:\Users\Aitor\git\Bets20IE\src\main\resources\bets.temp' is opened by 12012@DESKTOP-D9HMB1D

[2020-11-15 01:01:29 #2 type] 
Type domain.Question is not enhanced.

[2020-11-15 01:01:29 #3 type] 
Type domain.Event is not enhanced.

[2020-11-15 01:01:29 #4 type] 
Type domain.User is not enhanced.

[2020-11-15 01:01:29 #5 type] 
Type domain.Kuota is not enhanced.

[2020-11-15 01:01:29 #6 type] 
Type domain.Registered is not enhanced.

[2020-11-15 01:01:29 #7 type] 
Type domain.Mugimendua is not enhanced.

[2020-11-15 01:01:29 #8 type] 
Type domain.MoneyTrans is not enhanced.

[2020-11-15 01:01:29 #9 type] 
Type domain.Apustua is not enhanced.

[2020-11-15 01:01:29 #10 type] 
Type domain.Admin is not enhanced.

[2020-11-15 01:01:29 #11 type] 
Type domain.MultipleBet is not enhanced.

------------------------------------------------------------------------------------------------------------------------

[2020-11-15 19:02:28 #1 store] 
Database 'C:\Users\Aitor\git\Bets20IE\src\main\resources\bets.temp' is opened by 2440@DESKTOP-D9HMB1D

[2020-11-15 19:02:28 #2 type] 
Type domain.Question is not enhanced.

[2020-11-15 19:02:28 #3 type] 
Type domain.Event is not enhanced.

[2020-11-15 19:02:28 #4 type] 
Type domain.User is not enhanced.

[2020-11-15 19:02:28 #5 type] 
Type domain.Kuota is not enhanced.

[2020-11-15 19:02:28 #6 type] 
Type domain.Registered is not enhanced.

[2020-11-15 19:02:28 #7 type] 
Type domain.Mugimendua is not enhanced.

[2020-11-15 19:02:28 #8 type] 
Type domain.MoneyTrans is not enhanced.

[2020-11-15 19:02:28 #9 type] 
Type domain.Apustua is not enhanced.

[2020-11-15 19:02:28 #10 type] 
Type domain.Admin is not enhanced.

[2020-11-15 19:02:28 #11 type] 
Type domain.MultipleBet is not enhanced.

------------------------------------------------------------------------------------------------------------------------

[2020-11-15 20:05:32 #1 store] 
Database 'C:\Users\Aitor\git\Bets20IE\src\main\resources\bets.temp' is opened by 11780@DESKTOP-D9HMB1D

[2020-11-15 20:05:32 #2 type] 
Type domain.Question is not enhanced.

[2020-11-15 20:05:32 #3 type] 
Type domain.Event is not enhanced.

[2020-11-15 20:05:32 #4 type] 
Type domain.User is not enhanced.

[2020-11-15 20:05:32 #5 type] 
Type domain.Kuota is not enhanced.

[2020-11-15 20:05:32 #6 type] 
Type domain.Registered is not enhanced.

[2020-11-15 20:05:32 #7 type] 
Type domain.Mugimendua is not enhanced.

[2020-11-15 20:05:32 #8 type] 
Type domain.MoneyTrans is not enhanced.

[2020-11-15 20:05:32 #9 type] 
Type domain.Apustua is not enhanced.

[2020-11-15 20:05:32 #10 type] 
Type domain.Admin is not enhanced.

[2020-11-15 20:05:32 #11 type] 
Type domain.MultipleBet is not enhanced.

------------------------------------------------------------------------------------------------------------------------

[2020-11-15 20:06:54 #1 store] 
Database 'C:\Users\Aitor\git\Bets20IE\src\main\resources\bets.temp' is opened by 8092@DESKTOP-D9HMB1D

[2020-11-15 20:06:55 #2 type] 
Type domain.Question is not enhanced.

[2020-11-15 20:06:55 #3 type] 
Type domain.Event is not enhanced.

[2020-11-15 20:06:55 #4 type] 
Type domain.User is not enhanced.

[2020-11-15 20:06:55 #5 type] 
Type domain.Kuota is not enhanced.

[2020-11-15 20:06:55 #6 type] 
Type domain.Registered is not enhanced.

[2020-11-15 20:06:55 #7 type] 
Type domain.Mugimendua is not enhanced.

[2020-11-15 20:06:55 #8 type] 
Type domain.MoneyTrans is not enhanced.

[2020-11-15 20:06:55 #9 type] 
Type domain.Apustua is not enhanced.

[2020-11-15 20:06:55 #10 type] 
Type domain.Admin is not enhanced.

[2020-11-15 20:06:55 #11 type] 
Type domain.MultipleBet is not enhanced.

------------------------------------------------------------------------------------------------------------------------

[2020-11-15 20:07:24 #1 store] 
Database 'C:\Users\Aitor\git\Bets20IE\src\main\resources\bets.temp' is opened by 2680@DESKTOP-D9HMB1D

[2020-11-15 20:07:24 #2 type] 
Type domain.Question is not enhanced.

[2020-11-15 20:07:24 #3 type] 
Type domain.Event is not enhanced.

[2020-11-15 20:07:24 #4 type] 
Type domain.User is not enhanced.

[2020-11-15 20:07:24 #5 type] 
Type domain.Kuota is not enhanced.

[2020-11-15 20:07:24 #6 type] 
Type domain.Registered is not enhanced.

[2020-11-15 20:07:24 #7 type] 
Type domain.Mugimendua is not enhanced.

[2020-11-15 20:07:24 #8 type] 
Type domain.MoneyTrans is not enhanced.

[2020-11-15 20:07:24 #9 type] 
Type domain.Apustua is not enhanced.

[2020-11-15 20:07:24 #10 type] 
Type domain.Admin is not enhanced.

[2020-11-15 20:07:24 #11 type] 
Type domain.MultipleBet is not enhanced.

------------------------------------------------------------------------------------------------------------------------

[2020-11-15 20:07:54 #1 store] 
Database 'C:\Users\Aitor\git\Bets20IE\src\main\resources\bets.temp' is opened by 1960@DESKTOP-D9HMB1D

[2020-11-15 20:07:55 #2 type] 
Type domain.Question is not enhanced.

[2020-11-15 20:07:55 #3 type] 
Type domain.Event is not enhanced.

[2020-11-15 20:07:55 #4 type] 
Type domain.User is not enhanced.

[2020-11-15 20:07:55 #5 type] 
Type domain.Kuota is not enhanced.

[2020-11-15 20:07:55 #6 type] 
Type domain.Registered is not enhanced.

[2020-11-15 20:07:55 #7 type] 
Type domain.Mugimendua is not enhanced.

[2020-11-15 20:07:55 #8 type] 
Type domain.MoneyTrans is not enhanced.

[2020-11-15 20:07:55 #9 type] 
Type domain.Apustua is not enhanced.

[2020-11-15 20:07:55 #10 type] 
Type domain.Admin is not enhanced.

[2020-11-15 20:07:55 #11 type] 
Type domain.MultipleBet is not enhanced.

------------------------------------------------------------------------------------------------------------------------

[2020-11-15 20:08:20 #1 store] 
Database 'C:\Users\Aitor\git\Bets20IE\src\main\resources\bets.temp' is opened by 5904@DESKTOP-D9HMB1D

[2020-11-15 20:08:21 #2 type] 
Type domain.Question is not enhanced.

[2020-11-15 20:08:21 #3 type] 
Type domain.Event is not enhanced.

[2020-11-15 20:08:21 #4 type] 
Type domain.User is not enhanced.

[2020-11-15 20:08:21 #5 type] 
Type domain.Kuota is not enhanced.

[2020-11-15 20:08:21 #6 type] 
Type domain.Registered is not enhanced.

[2020-11-15 20:08:21 #7 type] 
Type domain.Mugimendua is not enhanced.

[2020-11-15 20:08:21 #8 type] 
Type domain.MoneyTrans is not enhanced.

[2020-11-15 20:08:21 #9 type] 
Type domain.Apustua is not enhanced.

[2020-11-15 20:08:21 #10 type] 
Type domain.Admin is not enhanced.

[2020-11-15 20:08:21 #11 type] 
Type domain.MultipleBet is not enhanced.

------------------------------------------------------------------------------------------------------------------------

[2020-11-15 20:13:01 #1 store] 
Database 'C:\Users\Aitor\git\Bets20IE\src\main\resources\bets.temp' is opened by 9548@DESKTOP-D9HMB1D

[2020-11-15 20:13:01 #2 type] 
Type domain.Question is not enhanced.

[2020-11-15 20:13:01 #3 type] 
Type domain.Event is not enhanced.

[2020-11-15 20:13:01 #4 type] 
Type domain.User is not enhanced.

[2020-11-15 20:13:01 #5 type] 
Type domain.Kuota is not enhanced.

[2020-11-15 20:13:01 #6 type] 
Type domain.Registered is not enhanced.

[2020-11-15 20:13:01 #7 type] 
Type domain.Mugimendua is not enhanced.

[2020-11-15 20:13:01 #8 type] 
Type domain.MoneyTrans is not enhanced.

[2020-11-15 20:13:01 #9 type] 
Type domain.Apustua is not enhanced.

[2020-11-15 20:13:01 #10 type] 
Type domain.Admin is not enhanced.

[2020-11-15 20:13:01 #11 type] 
Type domain.MultipleBet is not enhanced.

------------------------------------------------------------------------------------------------------------------------

[2020-11-15 20:16:22 #1 store] 
Database 'C:\Users\Aitor\git\Bets20IE\src\main\resources\bets.temp' has been recovered (tr. 954-958)

[2020-11-15 20:16:22 #2 store] 
Database 'C:\Users\Aitor\git\Bets20IE\src\main\resources\bets.temp' is opened by 7732@DESKTOP-D9HMB1D

[2020-11-15 20:16:23 #3 type] 
Type domain.Question is not enhanced.

[2020-11-15 20:16:23 #4 type] 
Type domain.Event is not enhanced.

[2020-11-15 20:16:23 #5 type] 
Type domain.User is not enhanced.

[2020-11-15 20:16:23 #6 type] 
Type domain.Kuota is not enhanced.

[2020-11-15 20:16:23 #7 type] 
Type domain.Registered is not enhanced.

[2020-11-15 20:16:23 #8 type] 
Type domain.Mugimendua is not enhanced.

[2020-11-15 20:16:23 #9 type] 
Type domain.MoneyTrans is not enhanced.

[2020-11-15 20:16:23 #10 type] 
Type domain.Apustua is not enhanced.

[2020-11-15 20:16:23 #11 type] 
Type domain.Admin is not enhanced.

[2020-11-15 20:16:23 #12 type] 
Type domain.MultipleBet is not enhanced.

------------------------------------------------------------------------------------------------------------------------

[2020-11-15 20:17:31 #1 store] 
Database 'C:\Users\Aitor\git\Bets20IE\src\main\resources\bets.temp' is opened by 7008@DESKTOP-D9HMB1D

[2020-11-15 20:17:32 #2 type] 
Type domain.Question is not enhanced.

[2020-11-15 20:17:32 #3 type] 
Type domain.Event is not enhanced.

[2020-11-15 20:17:32 #4 type] 
Type domain.User is not enhanced.

[2020-11-15 20:17:32 #5 type] 
Type domain.Kuota is not enhanced.

[2020-11-15 20:17:32 #6 type] 
Type domain.Registered is not enhanced.

[2020-11-15 20:17:32 #7 type] 
Type domain.Mugimendua is not enhanced.

[2020-11-15 20:17:32 #8 type] 
Type domain.MoneyTrans is not enhanced.

[2020-11-15 20:17:32 #9 type] 
Type domain.Apustua is not enhanced.

[2020-11-15 20:17:32 #10 type] 
Type domain.Admin is not enhanced.

[2020-11-15 20:17:32 #11 type] 
Type domain.MultipleBet is not enhanced.

------------------------------------------------------------------------------------------------------------------------

[2020-11-15 20:21:04 #1 store] 
Database 'C:\Users\Aitor\git\Bets20IE\src\main\resources\bets.temp' is opened by 3184@DESKTOP-D9HMB1D

[2020-11-15 20:21:04 #2 type] 
Type domain.Question is not enhanced.

[2020-11-15 20:21:04 #3 type] 
Type domain.Event is not enhanced.

[2020-11-15 20:21:04 #4 type] 
Type domain.User is not enhanced.

[2020-11-15 20:21:04 #5 type] 
Type domain.Kuota is not enhanced.

[2020-11-15 20:21:04 #6 type] 
Type domain.Registered is not enhanced.

[2020-11-15 20:21:04 #7 type] 
Type domain.Mugimendua is not enhanced.

[2020-11-15 20:21:04 #8 type] 
Type domain.MoneyTrans is not enhanced.

[2020-11-15 20:21:04 #9 type] 
Type domain.Apustua is not enhanced.

[2020-11-15 20:21:04 #10 type] 
Type domain.Admin is not enhanced.

[2020-11-15 20:21:04 #11 type] 
Type domain.MultipleBet is not enhanced.

------------------------------------------------------------------------------------------------------------------------

[2020-11-15 20:25:14 #1 store] 
Database 'C:\Users\Aitor\git\Bets20IE\src\main\resources\bets.temp' is opened by 7808@DESKTOP-D9HMB1D

[2020-11-15 20:25:14 #2 type] 
Type domain.Question is not enhanced.

[2020-11-15 20:25:14 #3 type] 
Type domain.Event is not enhanced.

[2020-11-15 20:25:14 #4 type] 
Type domain.User is not enhanced.

[2020-11-15 20:25:14 #5 type] 
Type domain.Kuota is not enhanced.

[2020-11-15 20:25:14 #6 type] 
Type domain.Registered is not enhanced.

[2020-11-15 20:25:14 #7 type] 
Type domain.Mugimendua is not enhanced.

[2020-11-15 20:25:14 #8 type] 
Type domain.MoneyTrans is not enhanced.

[2020-11-15 20:25:14 #9 type] 
Type domain.Apustua is not enhanced.

[2020-11-15 20:25:14 #10 type] 
Type domain.Admin is not enhanced.

[2020-11-15 20:25:14 #11 type] 
Type domain.MultipleBet is not enhanced.

------------------------------------------------------------------------------------------------------------------------

[2020-11-15 20:27:14 #1 store] 
Database 'C:\Users\Aitor\git\Bets20IE\src\main\resources\bets.temp' has been recovered (tr. 959-959)

[2020-11-15 20:27:14 #2 store] 
Database 'C:\Users\Aitor\git\Bets20IE\src\main\resources\bets.temp' is opened by 804@DESKTOP-D9HMB1D

[2020-11-15 20:27:14 #3 type] 
Type domain.Question is not enhanced.

[2020-11-15 20:27:14 #4 type] 
Type domain.Event is not enhanced.

[2020-11-15 20:27:14 #5 type] 
Type domain.User is not enhanced.

[2020-11-15 20:27:14 #6 type] 
Type domain.Kuota is not enhanced.

[2020-11-15 20:27:14 #7 type] 
Type domain.Registered is not enhanced.

[2020-11-15 20:27:14 #8 type] 
Type domain.Mugimendua is not enhanced.

[2020-11-15 20:27:14 #9 type] 
Type domain.MoneyTrans is not enhanced.

[2020-11-15 20:27:14 #10 type] 
Type domain.Apustua is not enhanced.

[2020-11-15 20:27:14 #11 type] 
Type domain.Admin is not enhanced.

[2020-11-15 20:27:14 #12 type] 
Type domain.MultipleBet is not enhanced.

------------------------------------------------------------------------------------------------------------------------

[2020-11-15 20:29:13 #1 store] 
Database 'C:\Users\Aitor\git\Bets20IE\src\main\resources\bets.temp' has been recovered (tr. 960-960)

[2020-11-15 20:29:13 #2 store] 
Database 'C:\Users\Aitor\git\Bets20IE\src\main\resources\bets.temp' is opened by 12100@DESKTOP-D9HMB1D

[2020-11-15 20:29:14 #3 type] 
Type domain.Question is not enhanced.

[2020-11-15 20:29:14 #4 type] 
Type domain.Event is not enhanced.

[2020-11-15 20:29:14 #5 type] 
Type domain.User is not enhanced.

[2020-11-15 20:29:14 #6 type] 
Type domain.Kuota is not enhanced.

[2020-11-15 20:29:14 #7 type] 
Type domain.Registered is not enhanced.

[2020-11-15 20:29:14 #8 type] 
Type domain.Mugimendua is not enhanced.

[2020-11-15 20:29:14 #9 type] 
Type domain.MoneyTrans is not enhanced.

[2020-11-15 20:29:14 #10 type] 
Type domain.Apustua is not enhanced.

[2020-11-15 20:29:14 #11 type] 
Type domain.Admin is not enhanced.

[2020-11-15 20:29:14 #12 type] 
Type domain.MultipleBet is not enhanced.

------------------------------------------------------------------------------------------------------------------------

[2020-11-15 20:34:39 #1 store] 
Database 'C:\Users\Aitor\git\Bets20IE\src\main\resources\bets.temp' is opened by 1000@DESKTOP-D9HMB1D

[2020-11-15 20:34:39 #2 type] 
Type domain.Question is not enhanced.

[2020-11-15 20:34:39 #3 type] 
Type domain.Event is not enhanced.

[2020-11-15 20:34:39 #4 type] 
Type domain.User is not enhanced.

[2020-11-15 20:34:39 #5 type] 
Type domain.Kuota is not enhanced.

[2020-11-15 20:34:39 #6 type] 
Type domain.Registered is not enhanced.

[2020-11-15 20:34:39 #7 type] 
Type domain.Mugimendua is not enhanced.

[2020-11-15 20:34:39 #8 type] 
Type domain.MoneyTrans is not enhanced.

[2020-11-15 20:34:39 #9 type] 
Type domain.Apustua is not enhanced.

[2020-11-15 20:34:39 #10 type] 
Type domain.Admin is not enhanced.

[2020-11-15 20:34:39 #11 type] 
Type domain.MultipleBet is not enhanced.

------------------------------------------------------------------------------------------------------------------------

[2020-11-15 20:36:27 #1 store] 
Database 'C:\Users\Aitor\git\Bets20IE\src\main\resources\bets.temp' is opened by 7144@DESKTOP-D9HMB1D

[2020-11-15 20:36:27 #2 type] 
Type domain.Question is not enhanced.

[2020-11-15 20:36:27 #3 type] 
Type domain.Event is not enhanced.

[2020-11-15 20:36:27 #4 type] 
Type domain.User is not enhanced.

[2020-11-15 20:36:27 #5 type] 
Type domain.Kuota is not enhanced.

[2020-11-15 20:36:27 #6 type] 
Type domain.Registered is not enhanced.

[2020-11-15 20:36:27 #7 type] 
Type domain.Mugimendua is not enhanced.

[2020-11-15 20:36:27 #8 type] 
Type domain.MoneyTrans is not enhanced.

[2020-11-15 20:36:27 #9 type] 
Type domain.Apustua is not enhanced.

[2020-11-15 20:36:27 #10 type] 
Type domain.Admin is not enhanced.

[2020-11-15 20:36:27 #11 type] 
Type domain.MultipleBet is not enhanced.

------------------------------------------------------------------------------------------------------------------------

[2020-11-15 20:40:32 #1 store] 
Database 'C:\Users\Aitor\git\Bets20IE\src\main\resources\bets.temp' is opened by 2020@DESKTOP-D9HMB1D

[2020-11-15 20:40:32 #2 type] 
Type domain.Question is not enhanced.

[2020-11-15 20:40:32 #3 type] 
Type domain.Event is not enhanced.

[2020-11-15 20:40:32 #4 type] 
Type domain.User is not enhanced.

[2020-11-15 20:40:32 #5 type] 
Type domain.Kuota is not enhanced.

[2020-11-15 20:40:32 #6 type] 
Type domain.Registered is not enhanced.

[2020-11-15 20:40:32 #7 type] 
Type domain.Mugimendua is not enhanced.

[2020-11-15 20:40:32 #8 type] 
Type domain.MoneyTrans is not enhanced.

[2020-11-15 20:40:32 #9 type] 
Type domain.Apustua is not enhanced.

[2020-11-15 20:40:32 #10 type] 
Type domain.Admin is not enhanced.

[2020-11-15 20:40:32 #11 type] 
Type domain.MultipleBet is not enhanced.

------------------------------------------------------------------------------------------------------------------------

[2020-11-15 20:40:44 #1 store] 
Database 'C:\Users\Aitor\git\Bets20IE\src\main\resources\bets.temp' is opened by 11372@DESKTOP-D9HMB1D

[2020-11-15 20:40:44 #2 type] 
Type domain.Question is not enhanced.

[2020-11-15 20:40:44 #3 type] 
Type domain.Event is not enhanced.

[2020-11-15 20:40:44 #4 type] 
Type domain.User is not enhanced.

[2020-11-15 20:40:44 #5 type] 
Type domain.Kuota is not enhanced.

[2020-11-15 20:40:44 #6 type] 
Type domain.Registered is not enhanced.

[2020-11-15 20:40:44 #7 type] 
Type domain.Mugimendua is not enhanced.

[2020-11-15 20:40:44 #8 type] 
Type domain.MoneyTrans is not enhanced.

[2020-11-15 20:40:44 #9 type] 
Type domain.Apustua is not enhanced.

[2020-11-15 20:40:44 #10 type] 
Type domain.Admin is not enhanced.

[2020-11-15 20:40:44 #11 type] 
Type domain.MultipleBet is not enhanced.

------------------------------------------------------------------------------------------------------------------------

[2020-11-15 20:41:14 #1 store] 
Database 'C:\Users\Aitor\git\Bets20IE\src\main\resources\bets.temp' is opened by 10544@DESKTOP-D9HMB1D

[2020-11-15 20:41:14 #2 type] 
Type domain.Question is not enhanced.

[2020-11-15 20:41:14 #3 type] 
Type domain.Event is not enhanced.

[2020-11-15 20:41:14 #4 type] 
Type domain.User is not enhanced.

[2020-11-15 20:41:14 #5 type] 
Type domain.Kuota is not enhanced.

[2020-11-15 20:41:14 #6 type] 
Type domain.Registered is not enhanced.

[2020-11-15 20:41:14 #7 type] 
Type domain.Mugimendua is not enhanced.

[2020-11-15 20:41:14 #8 type] 
Type domain.MoneyTrans is not enhanced.

[2020-11-15 20:41:14 #9 type] 
Type domain.Apustua is not enhanced.

[2020-11-15 20:41:14 #10 type] 
Type domain.Admin is not enhanced.

[2020-11-15 20:41:14 #11 type] 
Type domain.MultipleBet is not enhanced.

------------------------------------------------------------------------------------------------------------------------

[2020-11-15 20:41:22 #1 store] 
Database 'C:\Users\Aitor\git\Bets20IE\src\main\resources\bets.temp' is opened by 10680@DESKTOP-D9HMB1D

[2020-11-15 20:41:22 #2 type] 
Type domain.Question is not enhanced.

[2020-11-15 20:41:22 #3 type] 
Type domain.Event is not enhanced.

[2020-11-15 20:41:22 #4 type] 
Type domain.User is not enhanced.

[2020-11-15 20:41:22 #5 type] 
Type domain.Kuota is not enhanced.

[2020-11-15 20:41:22 #6 type] 
Type domain.Registered is not enhanced.

[2020-11-15 20:41:22 #7 type] 
Type domain.Mugimendua is not enhanced.

[2020-11-15 20:41:22 #8 type] 
Type domain.MoneyTrans is not enhanced.

[2020-11-15 20:41:22 #9 type] 
Type domain.Apustua is not enhanced.

[2020-11-15 20:41:22 #10 type] 
Type domain.Admin is not enhanced.

[2020-11-15 20:41:22 #11 type] 
Type domain.MultipleBet is not enhanced.

------------------------------------------------------------------------------------------------------------------------

[2020-11-15 20:41:34 #1 store] 
Database 'C:\Users\Aitor\git\Bets20IE\src\main\resources\bets.temp' is opened by 6328@DESKTOP-D9HMB1D

[2020-11-15 20:41:34 #2 type] 
Type domain.Question is not enhanced.

[2020-11-15 20:41:34 #3 type] 
Type domain.Event is not enhanced.

[2020-11-15 20:41:34 #4 type] 
Type domain.User is not enhanced.

[2020-11-15 20:41:34 #5 type] 
Type domain.Kuota is not enhanced.

[2020-11-15 20:41:34 #6 type] 
Type domain.Registered is not enhanced.

[2020-11-15 20:41:34 #7 type] 
Type domain.Mugimendua is not enhanced.

[2020-11-15 20:41:34 #8 type] 
Type domain.MoneyTrans is not enhanced.

[2020-11-15 20:41:34 #9 type] 
Type domain.Apustua is not enhanced.

[2020-11-15 20:41:34 #10 type] 
Type domain.Admin is not enhanced.

[2020-11-15 20:41:34 #11 type] 
Type domain.MultipleBet is not enhanced.

------------------------------------------------------------------------------------------------------------------------

[2020-11-15 20:41:52 #1 store] 
Database 'C:\Users\Aitor\git\Bets20IE\src\main\resources\bets.temp' is opened by 8092@DESKTOP-D9HMB1D

[2020-11-15 20:41:52 #2 type] 
Type domain.Question is not enhanced.

[2020-11-15 20:41:52 #3 type] 
Type domain.Event is not enhanced.

[2020-11-15 20:41:52 #4 type] 
Type domain.User is not enhanced.

[2020-11-15 20:41:52 #5 type] 
Type domain.Kuota is not enhanced.

[2020-11-15 20:41:52 #6 type] 
Type domain.Registered is not enhanced.

[2020-11-15 20:41:52 #7 type] 
Type domain.Mugimendua is not enhanced.

[2020-11-15 20:41:52 #8 type] 
Type domain.MoneyTrans is not enhanced.

[2020-11-15 20:41:52 #9 type] 
Type domain.Apustua is not enhanced.

[2020-11-15 20:41:52 #10 type] 
Type domain.Admin is not enhanced.

[2020-11-15 20:41:52 #11 type] 
Type domain.MultipleBet is not enhanced.

------------------------------------------------------------------------------------------------------------------------

[2020-11-15 20:42:14 #1 store] 
Database 'C:\Users\Aitor\git\Bets20IE\src\main\resources\bets.temp' is opened by 5300@DESKTOP-D9HMB1D

[2020-11-15 20:42:14 #2 type] 
Type domain.Question is not enhanced.

[2020-11-15 20:42:14 #3 type] 
Type domain.Event is not enhanced.

[2020-11-15 20:42:14 #4 type] 
Type domain.User is not enhanced.

[2020-11-15 20:42:14 #5 type] 
Type domain.Kuota is not enhanced.

[2020-11-15 20:42:14 #6 type] 
Type domain.Registered is not enhanced.

[2020-11-15 20:42:14 #7 type] 
Type domain.Mugimendua is not enhanced.

[2020-11-15 20:42:14 #8 type] 
Type domain.MoneyTrans is not enhanced.

[2020-11-15 20:42:14 #9 type] 
Type domain.Apustua is not enhanced.

[2020-11-15 20:42:14 #10 type] 
Type domain.Admin is not enhanced.

[2020-11-15 20:42:14 #11 type] 
Type domain.MultipleBet is not enhanced.

------------------------------------------------------------------------------------------------------------------------

[2020-11-15 20:42:42 #1 store] 
Database 'C:\Users\Aitor\git\Bets20IE\src\main\resources\bets.temp' is opened by 10712@DESKTOP-D9HMB1D

[2020-11-15 20:42:42 #2 type] 
Type domain.Question is not enhanced.

[2020-11-15 20:42:42 #3 type] 
Type domain.Event is not enhanced.

[2020-11-15 20:42:42 #4 type] 
Type domain.User is not enhanced.

[2020-11-15 20:42:42 #5 type] 
Type domain.Kuota is not enhanced.

[2020-11-15 20:42:42 #6 type] 
Type domain.Registered is not enhanced.

[2020-11-15 20:42:42 #7 type] 
Type domain.Mugimendua is not enhanced.

[2020-11-15 20:42:42 #8 type] 
Type domain.MoneyTrans is not enhanced.

[2020-11-15 20:42:42 #9 type] 
Type domain.Apustua is not enhanced.

[2020-11-15 20:42:42 #10 type] 
Type domain.Admin is not enhanced.

[2020-11-15 20:42:42 #11 type] 
Type domain.MultipleBet is not enhanced.

------------------------------------------------------------------------------------------------------------------------

[2020-11-15 20:43:59 #1 store] 
Database 'C:\Users\Aitor\git\Bets20IE\src\main\resources\bets.temp' is opened by 6340@DESKTOP-D9HMB1D

[2020-11-15 20:43:59 #2 type] 
Type domain.Question is not enhanced.

[2020-11-15 20:43:59 #3 type] 
Type domain.Event is not enhanced.

[2020-11-15 20:43:59 #4 type] 
Type domain.User is not enhanced.

[2020-11-15 20:43:59 #5 type] 
Type domain.Kuota is not enhanced.

[2020-11-15 20:43:59 #6 type] 
Type domain.Registered is not enhanced.

[2020-11-15 20:43:59 #7 type] 
Type domain.Mugimendua is not enhanced.

[2020-11-15 20:43:59 #8 type] 
Type domain.MoneyTrans is not enhanced.

[2020-11-15 20:43:59 #9 type] 
Type domain.Apustua is not enhanced.

[2020-11-15 20:43:59 #10 type] 
Type domain.Admin is not enhanced.

[2020-11-15 20:43:59 #11 type] 
Type domain.MultipleBet is not enhanced.

------------------------------------------------------------------------------------------------------------------------

[2020-11-15 20:44:14 #1 store] 
Database 'C:\Users\Aitor\git\Bets20IE\src\main\resources\bets.temp' is opened by 1976@DESKTOP-D9HMB1D

[2020-11-15 20:44:14 #2 type] 
Type domain.Question is not enhanced.

[2020-11-15 20:44:14 #3 type] 
Type domain.Event is not enhanced.

[2020-11-15 20:44:14 #4 type] 
Type domain.User is not enhanced.

[2020-11-15 20:44:14 #5 type] 
Type domain.Kuota is not enhanced.

[2020-11-15 20:44:14 #6 type] 
Type domain.Registered is not enhanced.

[2020-11-15 20:44:14 #7 type] 
Type domain.Mugimendua is not enhanced.

[2020-11-15 20:44:14 #8 type] 
Type domain.MoneyTrans is not enhanced.

[2020-11-15 20:44:14 #9 type] 
Type domain.Apustua is not enhanced.

[2020-11-15 20:44:14 #10 type] 
Type domain.Admin is not enhanced.

[2020-11-15 20:44:14 #11 type] 
Type domain.MultipleBet is not enhanced.

------------------------------------------------------------------------------------------------------------------------

[2020-11-15 20:44:29 #1 store] 
Database 'C:\Users\Aitor\git\Bets20IE\src\main\resources\bets.temp' is opened by 13064@DESKTOP-D9HMB1D

[2020-11-15 20:44:29 #2 type] 
Type domain.Question is not enhanced.

[2020-11-15 20:44:29 #3 type] 
Type domain.Event is not enhanced.

[2020-11-15 20:44:29 #4 type] 
Type domain.User is not enhanced.

[2020-11-15 20:44:29 #5 type] 
Type domain.Kuota is not enhanced.

[2020-11-15 20:44:29 #6 type] 
Type domain.Registered is not enhanced.

[2020-11-15 20:44:29 #7 type] 
Type domain.Mugimendua is not enhanced.

[2020-11-15 20:44:29 #8 type] 
Type domain.MoneyTrans is not enhanced.

[2020-11-15 20:44:29 #9 type] 
Type domain.Apustua is not enhanced.

[2020-11-15 20:44:29 #10 type] 
Type domain.Admin is not enhanced.

[2020-11-15 20:44:29 #11 type] 
Type domain.MultipleBet is not enhanced.

------------------------------------------------------------------------------------------------------------------------

[2020-11-15 20:45:10 #1 store] 
Database 'C:\Users\Aitor\git\Bets20IE\src\main\resources\bets.temp' is opened by 9312@DESKTOP-D9HMB1D

[2020-11-15 20:45:10 #2 type] 
Type domain.Question is not enhanced.

[2020-11-15 20:45:10 #3 type] 
Type domain.Event is not enhanced.

[2020-11-15 20:45:10 #4 type] 
Type domain.User is not enhanced.

[2020-11-15 20:45:10 #5 type] 
Type domain.Kuota is not enhanced.

[2020-11-15 20:45:10 #6 type] 
Type domain.Registered is not enhanced.

[2020-11-15 20:45:10 #7 type] 
Type domain.Mugimendua is not enhanced.

[2020-11-15 20:45:10 #8 type] 
Type domain.MoneyTrans is not enhanced.

[2020-11-15 20:45:10 #9 type] 
Type domain.Apustua is not enhanced.

[2020-11-15 20:45:10 #10 type] 
Type domain.Admin is not enhanced.

[2020-11-15 20:45:10 #11 type] 
Type domain.MultipleBet is not enhanced.

------------------------------------------------------------------------------------------------------------------------

[2020-11-15 20:47:27 #1 store] 
Database 'C:\Users\Aitor\git\Bets20IE\src\main\resources\bets.temp' is opened by 6624@DESKTOP-D9HMB1D

[2020-11-15 20:47:27 #2 type] 
Type domain.Question is not enhanced.

[2020-11-15 20:47:27 #3 type] 
Type domain.Event is not enhanced.

[2020-11-15 20:47:27 #4 type] 
Type domain.User is not enhanced.

[2020-11-15 20:47:27 #5 type] 
Type domain.Kuota is not enhanced.

[2020-11-15 20:47:27 #6 type] 
Type domain.Registered is not enhanced.

[2020-11-15 20:47:27 #7 type] 
Type domain.Mugimendua is not enhanced.

[2020-11-15 20:47:27 #8 type] 
Type domain.MoneyTrans is not enhanced.

[2020-11-15 20:47:27 #9 type] 
Type domain.Apustua is not enhanced.

[2020-11-15 20:47:27 #10 type] 
Type domain.Admin is not enhanced.

[2020-11-15 20:47:27 #11 type] 
Type domain.MultipleBet is not enhanced.

------------------------------------------------------------------------------------------------------------------------

[2020-11-15 20:50:36 #1 store] 
Database 'C:\Users\Aitor\git\Bets20IE\src\main\resources\bets.temp' is opened by 5444@DESKTOP-D9HMB1D

[2020-11-15 20:50:36 #2 type] 
Type domain.Question is not enhanced.

[2020-11-15 20:50:36 #3 type] 
Type domain.Event is not enhanced.

[2020-11-15 20:50:36 #4 type] 
Type domain.User is not enhanced.

[2020-11-15 20:50:36 #5 type] 
Type domain.Kuota is not enhanced.

[2020-11-15 20:50:36 #6 type] 
Type domain.Registered is not enhanced.

[2020-11-15 20:50:36 #7 type] 
Type domain.Mugimendua is not enhanced.

[2020-11-15 20:50:36 #8 type] 
Type domain.MoneyTrans is not enhanced.

[2020-11-15 20:50:36 #9 type] 
Type domain.Apustua is not enhanced.

[2020-11-15 20:50:36 #10 type] 
Type domain.Admin is not enhanced.

[2020-11-15 20:50:36 #11 type] 
Type domain.MultipleBet is not enhanced.

------------------------------------------------------------------------------------------------------------------------

[2020-11-15 21:23:42 #1 store] 
Database 'C:\Users\Aitor\git\Bets20IE\src\main\resources\bets.temp' is opened by 9148@DESKTOP-D9HMB1D

[2020-11-15 21:23:42 #2 type] 
Type domain.Question is not enhanced.

[2020-11-15 21:23:42 #3 type] 
Type domain.Event is not enhanced.

[2020-11-15 21:23:42 #4 type] 
Type domain.User is not enhanced.

[2020-11-15 21:23:42 #5 type] 
Type domain.Kuota is not enhanced.

[2020-11-15 21:23:42 #6 type] 
Type domain.Registered is not enhanced.

[2020-11-15 21:23:42 #7 type] 
Type domain.Mugimendua is not enhanced.

[2020-11-15 21:23:42 #8 type] 
Type domain.MoneyTrans is not enhanced.

[2020-11-15 21:23:42 #9 type] 
Type domain.Apustua is not enhanced.

[2020-11-15 21:23:42 #10 type] 
Type domain.Admin is not enhanced.

[2020-11-15 21:23:42 #11 type] 
Type domain.MultipleBet is not enhanced.

------------------------------------------------------------------------------------------------------------------------

[2020-11-15 21:41:08 #1 store] 
Database 'C:\Users\Aitor\git\Bets20IE\src\main\resources\bets.temp' is opened by 10100@DESKTOP-D9HMB1D

[2020-11-15 21:41:09 #2 type] 
Type domain.Question is not enhanced.

[2020-11-15 21:41:09 #3 type] 
Type domain.Event is not enhanced.

[2020-11-15 21:41:09 #4 type] 
Type domain.User is not enhanced.

[2020-11-15 21:41:09 #5 type] 
Type domain.Kuota is not enhanced.

[2020-11-15 21:41:09 #6 type] 
Type domain.Registered is not enhanced.

[2020-11-15 21:41:09 #7 type] 
Type domain.Mugimendua is not enhanced.

[2020-11-15 21:41:09 #8 type] 
Type domain.MoneyTrans is not enhanced.

[2020-11-15 21:41:09 #9 type] 
Type domain.Apustua is not enhanced.

[2020-11-15 21:41:09 #10 type] 
Type domain.Admin is not enhanced.

[2020-11-15 21:41:09 #11 type] 
Type domain.MultipleBet is not enhanced.

------------------------------------------------------------------------------------------------------------------------

[2020-11-15 22:59:46 #1 store] 
Database 'C:\Users\Aitor\git\Bets20IE\src\main\resources\bets.temp' is opened by 3336@DESKTOP-D9HMB1D

[2020-11-15 22:59:46 #2 type] 
Type domain.Question is not enhanced.

[2020-11-15 22:59:46 #3 type] 
Type domain.Event is not enhanced.

[2020-11-15 22:59:46 #4 type] 
Type domain.User is not enhanced.

[2020-11-15 22:59:46 #5 type] 
Type domain.Kuota is not enhanced.

[2020-11-15 22:59:46 #6 type] 
Type domain.Registered is not enhanced.

[2020-11-15 22:59:46 #7 type] 
Type domain.Mugimendua is not enhanced.

[2020-11-15 22:59:46 #8 type] 
Type domain.MoneyTrans is not enhanced.

[2020-11-15 22:59:46 #9 type] 
Type domain.Apustua is not enhanced.

[2020-11-15 22:59:46 #10 type] 
Type domain.Admin is not enhanced.

[2020-11-15 22:59:46 #11 type] 
Type domain.MultipleBet is not enhanced.

------------------------------------------------------------------------------------------------------------------------

[2020-11-15 23:02:12 #1 store] 
Database 'C:\Users\Aitor\git\Bets20IE\src\main\resources\bets.temp' is opened by 5224@DESKTOP-D9HMB1D

[2020-11-15 23:02:13 #2 type] 
Type domain.Question is not enhanced.

[2020-11-15 23:02:13 #3 type] 
Type domain.Event is not enhanced.

[2020-11-15 23:02:13 #4 type] 
Type domain.User is not enhanced.

[2020-11-15 23:02:13 #5 type] 
Type domain.Kuota is not enhanced.

[2020-11-15 23:02:13 #6 type] 
Type domain.Registered is not enhanced.

[2020-11-15 23:02:13 #7 type] 
Type domain.Mugimendua is not enhanced.

[2020-11-15 23:02:13 #8 type] 
Type domain.MoneyTrans is not enhanced.

[2020-11-15 23:02:13 #9 type] 
Type domain.Apustua is not enhanced.

[2020-11-15 23:02:13 #10 type] 
Type domain.Admin is not enhanced.

[2020-11-15 23:02:13 #11 type] 
Type domain.MultipleBet is not enhanced.

------------------------------------------------------------------------------------------------------------------------

[2020-11-15 23:02:43 #1 store] 
Database 'C:\Users\Aitor\git\Bets20IE\src\main\resources\bets.temp' is opened by 11372@DESKTOP-D9HMB1D

[2020-11-15 23:02:44 #2 type] 
Type domain.Question is not enhanced.

[2020-11-15 23:02:44 #3 type] 
Type domain.Event is not enhanced.

[2020-11-15 23:02:44 #4 type] 
Type domain.User is not enhanced.

[2020-11-15 23:02:44 #5 type] 
Type domain.Kuota is not enhanced.

[2020-11-15 23:02:44 #6 type] 
Type domain.Registered is not enhanced.

[2020-11-15 23:02:44 #7 type] 
Type domain.Mugimendua is not enhanced.

[2020-11-15 23:02:44 #8 type] 
Type domain.MoneyTrans is not enhanced.

[2020-11-15 23:02:44 #9 type] 
Type domain.Apustua is not enhanced.

[2020-11-15 23:02:44 #10 type] 
Type domain.Admin is not enhanced.

[2020-11-15 23:02:44 #11 type] 
Type domain.MultipleBet is not enhanced.

------------------------------------------------------------------------------------------------------------------------

[2020-11-15 23:06:27 #1 store] 
Database 'C:\Users\Aitor\git\Bets20IE\src\main\resources\bets.temp' is opened by 8792@DESKTOP-D9HMB1D

[2020-11-15 23:06:27 #2 type] 
Type domain.Question is not enhanced.

[2020-11-15 23:06:27 #3 type] 
Type domain.Event is not enhanced.

[2020-11-15 23:06:27 #4 type] 
Type domain.User is not enhanced.

[2020-11-15 23:06:27 #5 type] 
Type domain.Kuota is not enhanced.

[2020-11-15 23:06:27 #6 type] 
Type domain.Registered is not enhanced.

[2020-11-15 23:06:27 #7 type] 
Type domain.Mugimendua is not enhanced.

[2020-11-15 23:06:27 #8 type] 
Type domain.MoneyTrans is not enhanced.

[2020-11-15 23:06:27 #9 type] 
Type domain.Apustua is not enhanced.

[2020-11-15 23:06:27 #10 type] 
Type domain.Admin is not enhanced.

[2020-11-15 23:06:27 #11 type] 
Type domain.MultipleBet is not enhanced.

------------------------------------------------------------------------------------------------------------------------

[2020-11-15 23:09:57 #1 store] 
Database 'C:\Users\Aitor\git\Bets20IE\src\main\resources\bets.temp' is opened by 8772@DESKTOP-D9HMB1D

[2020-11-15 23:09:57 #2 type] 
Type domain.Question is not enhanced.

[2020-11-15 23:09:57 #3 type] 
Type domain.Event is not enhanced.

[2020-11-15 23:09:57 #4 type] 
Type domain.User is not enhanced.

[2020-11-15 23:09:57 #5 type] 
Type domain.Kuota is not enhanced.

[2020-11-15 23:09:57 #6 type] 
Type domain.Registered is not enhanced.

[2020-11-15 23:09:57 #7 type] 
Type domain.Mugimendua is not enhanced.

[2020-11-15 23:09:57 #8 type] 
Type domain.MoneyTrans is not enhanced.

[2020-11-15 23:09:57 #9 type] 
Type domain.Apustua is not enhanced.

[2020-11-15 23:09:57 #10 type] 
Type domain.Admin is not enhanced.

[2020-11-15 23:09:57 #11 type] 
Type domain.MultipleBet is not enhanced.

------------------------------------------------------------------------------------------------------------------------

[2020-11-15 23:13:08 #1 store] 
Database 'C:\Users\Aitor\git\Bets20IE\src\main\resources\bets.temp' is opened by 8384@DESKTOP-D9HMB1D

[2020-11-15 23:13:09 #2 type] 
Type domain.Question is not enhanced.

[2020-11-15 23:13:09 #3 type] 
Type domain.Event is not enhanced.

[2020-11-15 23:13:09 #4 type] 
Type domain.User is not enhanced.

[2020-11-15 23:13:09 #5 type] 
Type domain.Kuota is not enhanced.

[2020-11-15 23:13:09 #6 type] 
Type domain.Registered is not enhanced.

[2020-11-15 23:13:09 #7 type] 
Type domain.Mugimendua is not enhanced.

[2020-11-15 23:13:09 #8 type] 
Type domain.MoneyTrans is not enhanced.

[2020-11-15 23:13:09 #9 type] 
Type domain.Apustua is not enhanced.

[2020-11-15 23:13:09 #10 type] 
Type domain.Admin is not enhanced.

[2020-11-15 23:13:09 #11 type] 
Type domain.MultipleBet is not enhanced.

------------------------------------------------------------------------------------------------------------------------

[2020-11-15 23:16:35 #1 store] 
Database 'C:\Users\Aitor\git\Bets20IE\src\main\resources\bets.temp' is opened by 2976@DESKTOP-D9HMB1D

[2020-11-15 23:16:35 #2 type] 
Type domain.Question is not enhanced.

[2020-11-15 23:16:35 #3 type] 
Type domain.Event is not enhanced.

[2020-11-15 23:16:35 #4 type] 
Type domain.User is not enhanced.

[2020-11-15 23:16:35 #5 type] 
Type domain.Kuota is not enhanced.

[2020-11-15 23:16:35 #6 type] 
Type domain.Registered is not enhanced.

[2020-11-15 23:16:35 #7 type] 
Type domain.Mugimendua is not enhanced.

[2020-11-15 23:16:35 #8 type] 
Type domain.MoneyTrans is not enhanced.

[2020-11-15 23:16:35 #9 type] 
Type domain.Apustua is not enhanced.

[2020-11-15 23:16:35 #10 type] 
Type domain.Admin is not enhanced.

[2020-11-15 23:16:35 #11 type] 
Type domain.MultipleBet is not enhanced.

------------------------------------------------------------------------------------------------------------------------

[2020-11-15 23:19:52 #1 store] 
Database 'C:\Users\Aitor\git\Bets20IE\src\main\resources\bets.temp' is opened by 8092@DESKTOP-D9HMB1D

[2020-11-15 23:19:52 #2 type] 
Type domain.Question is not enhanced.

[2020-11-15 23:19:52 #3 type] 
Type domain.Event is not enhanced.

[2020-11-15 23:19:52 #4 type] 
Type domain.User is not enhanced.

[2020-11-15 23:19:52 #5 type] 
Type domain.Kuota is not enhanced.

[2020-11-15 23:19:52 #6 type] 
Type domain.Registered is not enhanced.

[2020-11-15 23:19:52 #7 type] 
Type domain.Mugimendua is not enhanced.

[2020-11-15 23:19:52 #8 type] 
Type domain.MoneyTrans is not enhanced.

[2020-11-15 23:19:52 #9 type] 
Type domain.Apustua is not enhanced.

[2020-11-15 23:19:52 #10 type] 
Type domain.Admin is not enhanced.

[2020-11-15 23:19:52 #11 type] 
Type domain.MultipleBet is not enhanced.

------------------------------------------------------------------------------------------------------------------------

[2020-11-15 23:20:33 #1 store] 
Database 'C:\Users\Aitor\git\Bets20IE\src\main\resources\bets.temp' is opened by 12860@DESKTOP-D9HMB1D

[2020-11-15 23:20:34 #2 type] 
Type domain.Question is not enhanced.

[2020-11-15 23:20:34 #3 type] 
Type domain.Event is not enhanced.

[2020-11-15 23:20:34 #4 type] 
Type domain.User is not enhanced.

[2020-11-15 23:20:34 #5 type] 
Type domain.Kuota is not enhanced.

[2020-11-15 23:20:34 #6 type] 
Type domain.Registered is not enhanced.

[2020-11-15 23:20:34 #7 type] 
Type domain.Mugimendua is not enhanced.

[2020-11-15 23:20:34 #8 type] 
Type domain.MoneyTrans is not enhanced.

[2020-11-15 23:20:34 #9 type] 
Type domain.Apustua is not enhanced.

[2020-11-15 23:20:34 #10 type] 
Type domain.Admin is not enhanced.

[2020-11-15 23:20:34 #11 type] 
Type domain.MultipleBet is not enhanced.

------------------------------------------------------------------------------------------------------------------------

[2020-11-15 23:21:16 #1 store] 
Database 'C:\Users\Aitor\git\Bets20IE\src\main\resources\bets.temp' is opened by 8860@DESKTOP-D9HMB1D

[2020-11-15 23:21:16 #2 type] 
Type domain.Question is not enhanced.

[2020-11-15 23:21:16 #3 type] 
Type domain.Event is not enhanced.

[2020-11-15 23:21:16 #4 type] 
Type domain.User is not enhanced.

[2020-11-15 23:21:16 #5 type] 
Type domain.Kuota is not enhanced.

[2020-11-15 23:21:16 #6 type] 
Type domain.Registered is not enhanced.

[2020-11-15 23:21:16 #7 type] 
Type domain.Mugimendua is not enhanced.

[2020-11-15 23:21:16 #8 type] 
Type domain.MoneyTrans is not enhanced.

[2020-11-15 23:21:16 #9 type] 
Type domain.Apustua is not enhanced.

[2020-11-15 23:21:16 #10 type] 
Type domain.Admin is not enhanced.

[2020-11-15 23:21:16 #11 type] 
Type domain.MultipleBet is not enhanced.

------------------------------------------------------------------------------------------------------------------------

[2020-11-15 23:22:08 #1 store] 
Database 'C:\Users\Aitor\git\Bets20IE\src\main\resources\bets.temp' is opened by 6964@DESKTOP-D9HMB1D

[2020-11-15 23:22:08 #2 type] 
Type domain.Question is not enhanced.

[2020-11-15 23:22:08 #3 type] 
Type domain.Event is not enhanced.

[2020-11-15 23:22:08 #4 type] 
Type domain.User is not enhanced.

[2020-11-15 23:22:08 #5 type] 
Type domain.Kuota is not enhanced.

[2020-11-15 23:22:08 #6 type] 
Type domain.Registered is not enhanced.

[2020-11-15 23:22:08 #7 type] 
Type domain.Mugimendua is not enhanced.

[2020-11-15 23:22:08 #8 type] 
Type domain.MoneyTrans is not enhanced.

[2020-11-15 23:22:08 #9 type] 
Type domain.Apustua is not enhanced.

[2020-11-15 23:22:08 #10 type] 
Type domain.Admin is not enhanced.

[2020-11-15 23:22:08 #11 type] 
Type domain.MultipleBet is not enhanced.

------------------------------------------------------------------------------------------------------------------------

[2020-11-15 23:24:20 #1 store] 
Database 'C:\Users\Aitor\git\Bets20IE\src\main\resources\bets.temp' is opened by 3280@DESKTOP-D9HMB1D

[2020-11-15 23:24:20 #2 type] 
Type domain.Question is not enhanced.

[2020-11-15 23:24:20 #3 type] 
Type domain.Event is not enhanced.

[2020-11-15 23:24:20 #4 type] 
Type domain.User is not enhanced.

[2020-11-15 23:24:20 #5 type] 
Type domain.Kuota is not enhanced.

[2020-11-15 23:24:20 #6 type] 
Type domain.Registered is not enhanced.

[2020-11-15 23:24:20 #7 type] 
Type domain.Mugimendua is not enhanced.

[2020-11-15 23:24:20 #8 type] 
Type domain.MoneyTrans is not enhanced.

[2020-11-15 23:24:20 #9 type] 
Type domain.Apustua is not enhanced.

[2020-11-15 23:24:20 #10 type] 
Type domain.Admin is not enhanced.

[2020-11-15 23:24:20 #11 type] 
Type domain.MultipleBet is not enhanced.

------------------------------------------------------------------------------------------------------------------------

[2020-11-15 23:25:11 #1 store] 
Database 'C:\Users\Aitor\git\Bets20IE\src\main\resources\bets.temp' is opened by 4208@DESKTOP-D9HMB1D

[2020-11-15 23:25:11 #2 type] 
Type domain.Question is not enhanced.

[2020-11-15 23:25:11 #3 type] 
Type domain.Event is not enhanced.

[2020-11-15 23:25:11 #4 type] 
Type domain.User is not enhanced.

[2020-11-15 23:25:11 #5 type] 
Type domain.Kuota is not enhanced.

[2020-11-15 23:25:11 #6 type] 
Type domain.Registered is not enhanced.

[2020-11-15 23:25:11 #7 type] 
Type domain.Mugimendua is not enhanced.

[2020-11-15 23:25:11 #8 type] 
Type domain.MoneyTrans is not enhanced.

[2020-11-15 23:25:11 #9 type] 
Type domain.Apustua is not enhanced.

[2020-11-15 23:25:11 #10 type] 
Type domain.Admin is not enhanced.

[2020-11-15 23:25:11 #11 type] 
Type domain.MultipleBet is not enhanced.

------------------------------------------------------------------------------------------------------------------------

[2020-11-15 23:25:45 #1 store] 
Database 'C:\Users\Aitor\git\Bets20IE\src\main\resources\bets.temp' is opened by 7020@DESKTOP-D9HMB1D

[2020-11-15 23:25:46 #2 type] 
Type domain.Question is not enhanced.

[2020-11-15 23:25:46 #3 type] 
Type domain.Event is not enhanced.

[2020-11-15 23:25:46 #4 type] 
Type domain.User is not enhanced.

[2020-11-15 23:25:46 #5 type] 
Type domain.Kuota is not enhanced.

[2020-11-15 23:25:46 #6 type] 
Type domain.Registered is not enhanced.

[2020-11-15 23:25:46 #7 type] 
Type domain.Mugimendua is not enhanced.

[2020-11-15 23:25:46 #8 type] 
Type domain.MoneyTrans is not enhanced.

[2020-11-15 23:25:46 #9 type] 
Type domain.Apustua is not enhanced.

[2020-11-15 23:25:46 #10 type] 
Type domain.Admin is not enhanced.

[2020-11-15 23:25:46 #11 type] 
Type domain.MultipleBet is not enhanced.

------------------------------------------------------------------------------------------------------------------------

[2020-11-15 23:27:04 #1 store] 
Database 'C:\Users\Aitor\git\Bets20IE\src\main\resources\bets.temp' is opened by 5992@DESKTOP-D9HMB1D

[2020-11-15 23:27:04 #2 type] 
Type domain.Question is not enhanced.

[2020-11-15 23:27:04 #3 type] 
Type domain.Event is not enhanced.

[2020-11-15 23:27:04 #4 type] 
Type domain.User is not enhanced.

[2020-11-15 23:27:04 #5 type] 
Type domain.Kuota is not enhanced.

[2020-11-15 23:27:04 #6 type] 
Type domain.Registered is not enhanced.

[2020-11-15 23:27:04 #7 type] 
Type domain.Mugimendua is not enhanced.

[2020-11-15 23:27:04 #8 type] 
Type domain.MoneyTrans is not enhanced.

[2020-11-15 23:27:04 #9 type] 
Type domain.Apustua is not enhanced.

[2020-11-15 23:27:04 #10 type] 
Type domain.Admin is not enhanced.

[2020-11-15 23:27:04 #11 type] 
Type domain.MultipleBet is not enhanced.

------------------------------------------------------------------------------------------------------------------------

[2020-11-15 23:27:57 #1 store] 
Database 'C:\Users\Aitor\git\Bets20IE\src\main\resources\bets.temp' is opened by 240@DESKTOP-D9HMB1D

[2020-11-15 23:27:58 #2 type] 
Type domain.Question is not enhanced.

[2020-11-15 23:27:58 #3 type] 
Type domain.Event is not enhanced.

[2020-11-15 23:27:58 #4 type] 
Type domain.User is not enhanced.

[2020-11-15 23:27:58 #5 type] 
Type domain.Kuota is not enhanced.

[2020-11-15 23:27:58 #6 type] 
Type domain.Registered is not enhanced.

[2020-11-15 23:27:58 #7 type] 
Type domain.Mugimendua is not enhanced.

[2020-11-15 23:27:58 #8 type] 
Type domain.MoneyTrans is not enhanced.

[2020-11-15 23:27:58 #9 type] 
Type domain.Apustua is not enhanced.

[2020-11-15 23:27:58 #10 type] 
Type domain.Admin is not enhanced.

[2020-11-15 23:27:58 #11 type] 
Type domain.MultipleBet is not enhanced.

------------------------------------------------------------------------------------------------------------------------

[2020-11-15 23:28:56 #1 store] 
Database 'C:\Users\Aitor\git\Bets20IE\src\main\resources\bets.temp' is opened by 10300@DESKTOP-D9HMB1D

[2020-11-15 23:28:57 #2 type] 
Type domain.Question is not enhanced.

[2020-11-15 23:28:57 #3 type] 
Type domain.Event is not enhanced.

[2020-11-15 23:28:57 #4 type] 
Type domain.User is not enhanced.

[2020-11-15 23:28:57 #5 type] 
Type domain.Kuota is not enhanced.

[2020-11-15 23:28:57 #6 type] 
Type domain.Registered is not enhanced.

[2020-11-15 23:28:57 #7 type] 
Type domain.Mugimendua is not enhanced.

[2020-11-15 23:28:57 #8 type] 
Type domain.MoneyTrans is not enhanced.

[2020-11-15 23:28:57 #9 type] 
Type domain.Apustua is not enhanced.

[2020-11-15 23:28:57 #10 type] 
Type domain.Admin is not enhanced.

[2020-11-15 23:28:57 #11 type] 
Type domain.MultipleBet is not enhanced.

