------------------------------------------------------------------------------------------------------------------------

[2020-10-02 13:39:14 #1 store] 
Database 'C:\Users\Aitor\Desktop\SII\Bets2020\src\main\resources\bets.temp' is opened by 8188@DESKTOP-D9HMB1D

[2020-10-02 13:39:14 #2 type] 
Type domain.Question is not enhanced.

[2020-10-02 13:39:14 #3 type] 
Type domain.Event is not enhanced.

[2020-10-02 13:39:14 #4 type] 
Type domain.User is not enhanced.

[2020-10-02 13:39:14 #5 type] 
Type domain.Kuota is not enhanced.

[2020-10-02 13:39:14 #6 type] 
Type domain.Registered is not enhanced.

[2020-10-02 13:39:14 #7 type] 
Type domain.Mugimendua is not enhanced.

[2020-10-02 13:39:14 #8 type] 
Type domain.MoneyTrans is not enhanced.

[2020-10-02 13:39:14 #9 type] 
Type domain.Apustua is not enhanced.

[2020-10-02 13:39:14 #10 type] 
Type domain.Admin is not enhanced.

[2020-10-02 13:39:14 #11 type] 
Type domain.MultipleBet is not enhanced.

------------------------------------------------------------------------------------------------------------------------

[2020-10-02 13:42:26 #1 store] 
Database 'C:\Users\Aitor\Desktop\SII\Bets2020\src\main\resources\bets.temp' is opened by 9368@DESKTOP-D9HMB1D

[2020-10-02 13:42:26 #2 type] 
Type domain.Question is not enhanced.

[2020-10-02 13:42:26 #3 type] 
Type domain.Event is not enhanced.

[2020-10-02 13:42:26 #4 type] 
Type domain.User is not enhanced.

[2020-10-02 13:42:26 #5 type] 
Type domain.Kuota is not enhanced.

[2020-10-02 13:42:26 #6 type] 
Type domain.Registered is not enhanced.

[2020-10-02 13:42:26 #7 type] 
Type domain.Mugimendua is not enhanced.

[2020-10-02 13:42:26 #8 type] 
Type domain.MoneyTrans is not enhanced.

[2020-10-02 13:42:26 #9 type] 
Type domain.Apustua is not enhanced.

[2020-10-02 13:42:26 #10 type] 
Type domain.Admin is not enhanced.

[2020-10-02 13:42:26 #11 type] 
Type domain.MultipleBet is not enhanced.

------------------------------------------------------------------------------------------------------------------------

[2020-10-02 13:45:29 #1 store] 
Database 'C:\Users\Aitor\Desktop\SII\Bets2020\src\main\resources\bets.temp' is opened by 6084@DESKTOP-D9HMB1D

[2020-10-02 13:45:30 #2 type] 
Type domain.Question is not enhanced.

[2020-10-02 13:45:30 #3 type] 
Type domain.Event is not enhanced.

[2020-10-02 13:45:30 #4 type] 
Type domain.User is not enhanced.

[2020-10-02 13:45:30 #5 type] 
Type domain.Kuota is not enhanced.

[2020-10-02 13:45:30 #6 type] 
Type domain.Registered is not enhanced.

[2020-10-02 13:45:30 #7 type] 
Type domain.Mugimendua is not enhanced.

[2020-10-02 13:45:30 #8 type] 
Type domain.MoneyTrans is not enhanced.

[2020-10-02 13:45:30 #9 type] 
Type domain.Apustua is not enhanced.

[2020-10-02 13:45:30 #10 type] 
Type domain.Admin is not enhanced.

[2020-10-02 13:45:30 #11 type] 
Type domain.MultipleBet is not enhanced.

------------------------------------------------------------------------------------------------------------------------

[2020-10-02 13:48:22 #1 store] 
Database 'C:\Users\Aitor\Desktop\SII\Bets2020\src\main\resources\bets.temp' is opened by 6772@DESKTOP-D9HMB1D

[2020-10-02 13:48:22 #2 type] 
Type domain.Question is not enhanced.

[2020-10-02 13:48:22 #3 type] 
Type domain.Event is not enhanced.

[2020-10-02 13:48:22 #4 type] 
Type domain.User is not enhanced.

[2020-10-02 13:48:22 #5 type] 
Type domain.Kuota is not enhanced.

[2020-10-02 13:48:22 #6 type] 
Type domain.Registered is not enhanced.

[2020-10-02 13:48:22 #7 type] 
Type domain.Mugimendua is not enhanced.

[2020-10-02 13:48:22 #8 type] 
Type domain.MoneyTrans is not enhanced.

[2020-10-02 13:48:22 #9 type] 
Type domain.Apustua is not enhanced.

[2020-10-02 13:48:22 #10 type] 
Type domain.Admin is not enhanced.

[2020-10-02 13:48:22 #11 type] 
Type domain.MultipleBet is not enhanced.

------------------------------------------------------------------------------------------------------------------------

[2020-10-02 13:50:37 #1 store] 
Database 'C:\Users\Aitor\Desktop\SII\Bets2020\src\main\resources\bets.temp' is opened by 6208@DESKTOP-D9HMB1D

[2020-10-02 13:50:38 #2 type] 
Type domain.Question is not enhanced.

[2020-10-02 13:50:38 #3 type] 
Type domain.Event is not enhanced.

[2020-10-02 13:50:38 #4 type] 
Type domain.User is not enhanced.

[2020-10-02 13:50:38 #5 type] 
Type domain.Kuota is not enhanced.

[2020-10-02 13:50:38 #6 type] 
Type domain.Registered is not enhanced.

[2020-10-02 13:50:38 #7 type] 
Type domain.Mugimendua is not enhanced.

[2020-10-02 13:50:38 #8 type] 
Type domain.MoneyTrans is not enhanced.

[2020-10-02 13:50:38 #9 type] 
Type domain.Apustua is not enhanced.

[2020-10-02 13:50:38 #10 type] 
Type domain.Admin is not enhanced.

[2020-10-02 13:50:38 #11 type] 
Type domain.MultipleBet is not enhanced.

------------------------------------------------------------------------------------------------------------------------

[2020-10-02 13:51:30 #1 store] 
Database 'C:\Users\Aitor\Desktop\SII\Bets2020\src\main\resources\bets.temp' is opened by 9128@DESKTOP-D9HMB1D

[2020-10-02 13:51:30 #2 type] 
Type domain.Question is not enhanced.

[2020-10-02 13:51:30 #3 type] 
Type domain.Event is not enhanced.

[2020-10-02 13:51:30 #4 type] 
Type domain.User is not enhanced.

[2020-10-02 13:51:30 #5 type] 
Type domain.Kuota is not enhanced.

[2020-10-02 13:51:30 #6 type] 
Type domain.Registered is not enhanced.

[2020-10-02 13:51:30 #7 type] 
Type domain.Mugimendua is not enhanced.

[2020-10-02 13:51:30 #8 type] 
Type domain.MoneyTrans is not enhanced.

[2020-10-02 13:51:30 #9 type] 
Type domain.Apustua is not enhanced.

[2020-10-02 13:51:30 #10 type] 
Type domain.Admin is not enhanced.

[2020-10-02 13:51:30 #11 type] 
Type domain.MultipleBet is not enhanced.

