------------------------------------------------------------------------------------------------------------------------

[2020-11-14 16:40:33 #1 store] 
Database 'C:\Users\Aitor\git\Bets20IE\src\main\resources\bets.temp' is opened by 1336@DESKTOP-D9HMB1D

[2020-11-14 16:40:33 #2 type] 
Type domain.Question is not enhanced.

[2020-11-14 16:40:33 #3 type] 
Type domain.Event is not enhanced.

[2020-11-14 16:40:33 #4 type] 
Type domain.User is not enhanced.

[2020-11-14 16:40:33 #5 type] 
Type domain.Kuota is not enhanced.

[2020-11-14 16:40:33 #6 type] 
Type domain.Registered is not enhanced.

[2020-11-14 16:40:33 #7 type] 
Type domain.Mugimendua is not enhanced.

[2020-11-14 16:40:33 #8 type] 
Type domain.MoneyTrans is not enhanced.

[2020-11-14 16:40:33 #9 type] 
Type domain.Apustua is not enhanced.

[2020-11-14 16:40:33 #10 type] 
Type domain.Admin is not enhanced.

[2020-11-14 16:40:33 #11 type] 
Type domain.MultipleBet is not enhanced.

------------------------------------------------------------------------------------------------------------------------

[2020-11-14 18:09:34 #1 store] 
Database 'C:\Users\Aitor\git\Bets20IE\src\main\resources\bets.temp' is opened by 2076@DESKTOP-D9HMB1D

[2020-11-14 18:09:35 #2 type] 
Type domain.Question is not enhanced.

[2020-11-14 18:09:35 #3 type] 
Type domain.Event is not enhanced.

[2020-11-14 18:09:35 #4 type] 
Type domain.User is not enhanced.

[2020-11-14 18:09:35 #5 type] 
Type domain.Kuota is not enhanced.

[2020-11-14 18:09:35 #6 type] 
Type domain.Registered is not enhanced.

[2020-11-14 18:09:35 #7 type] 
Type domain.Mugimendua is not enhanced.

[2020-11-14 18:09:35 #8 type] 
Type domain.MoneyTrans is not enhanced.

[2020-11-14 18:09:35 #9 type] 
Type domain.Apustua is not enhanced.

[2020-11-14 18:09:35 #10 type] 
Type domain.Admin is not enhanced.

[2020-11-14 18:09:35 #11 type] 
Type domain.MultipleBet is not enhanced.

------------------------------------------------------------------------------------------------------------------------

[2020-11-14 18:09:45 #1 store] 
Database 'C:\Users\Aitor\git\Bets20IE\src\main\resources\bets.temp' is opened by 9136@DESKTOP-D9HMB1D

[2020-11-14 18:09:45 #2 type] 
Type domain.Question is not enhanced.

[2020-11-14 18:09:45 #3 type] 
Type domain.Event is not enhanced.

[2020-11-14 18:09:45 #4 type] 
Type domain.User is not enhanced.

[2020-11-14 18:09:45 #5 type] 
Type domain.Kuota is not enhanced.

[2020-11-14 18:09:45 #6 type] 
Type domain.Registered is not enhanced.

[2020-11-14 18:09:45 #7 type] 
Type domain.Mugimendua is not enhanced.

[2020-11-14 18:09:45 #8 type] 
Type domain.MoneyTrans is not enhanced.

[2020-11-14 18:09:45 #9 type] 
Type domain.Apustua is not enhanced.

[2020-11-14 18:09:45 #10 type] 
Type domain.Admin is not enhanced.

[2020-11-14 18:09:45 #11 type] 
Type domain.MultipleBet is not enhanced.

------------------------------------------------------------------------------------------------------------------------

[2020-11-14 18:24:21 #1 store] 
Database 'C:\Users\Aitor\git\Bets20IE\src\main\resources\bets.temp' is opened by 8924@DESKTOP-D9HMB1D

[2020-11-14 18:24:21 #2 type] 
Type domain.Question is not enhanced.

[2020-11-14 18:24:21 #3 type] 
Type domain.Event is not enhanced.

[2020-11-14 18:24:21 #4 type] 
Type domain.User is not enhanced.

[2020-11-14 18:24:21 #5 type] 
Type domain.Kuota is not enhanced.

[2020-11-14 18:24:21 #6 type] 
Type domain.Registered is not enhanced.

[2020-11-14 18:24:21 #7 type] 
Type domain.Mugimendua is not enhanced.

[2020-11-14 18:24:21 #8 type] 
Type domain.MoneyTrans is not enhanced.

[2020-11-14 18:24:21 #9 type] 
Type domain.Apustua is not enhanced.

[2020-11-14 18:24:21 #10 type] 
Type domain.Admin is not enhanced.

[2020-11-14 18:24:21 #11 type] 
Type domain.MultipleBet is not enhanced.

------------------------------------------------------------------------------------------------------------------------

[2020-11-14 18:33:56 #1 store] 
Database 'C:\Users\Aitor\git\Bets20IE\src\main\resources\bets.temp' has been recovered (tr. 953-953)

[2020-11-14 18:33:56 #2 store] 
Database 'C:\Users\Aitor\git\Bets20IE\src\main\resources\bets.temp' is opened by 7108@DESKTOP-D9HMB1D

[2020-11-14 18:33:56 #3 type] 
Type domain.Question is not enhanced.

[2020-11-14 18:33:56 #4 type] 
Type domain.Event is not enhanced.

[2020-11-14 18:33:56 #5 type] 
Type domain.User is not enhanced.

[2020-11-14 18:33:56 #6 type] 
Type domain.Kuota is not enhanced.

[2020-11-14 18:33:56 #7 type] 
Type domain.Registered is not enhanced.

[2020-11-14 18:33:56 #8 type] 
Type domain.Mugimendua is not enhanced.

[2020-11-14 18:33:56 #9 type] 
Type domain.MoneyTrans is not enhanced.

[2020-11-14 18:33:56 #10 type] 
Type domain.Apustua is not enhanced.

[2020-11-14 18:33:56 #11 type] 
Type domain.Admin is not enhanced.

[2020-11-14 18:33:56 #12 type] 
Type domain.MultipleBet is not enhanced.

------------------------------------------------------------------------------------------------------------------------

[2020-11-14 18:35:58 #1 store] 
Database 'C:\Users\Aitor\git\Bets20IE\src\main\resources\bets.temp' is opened by 9656@DESKTOP-D9HMB1D

[2020-11-14 18:35:58 #2 type] 
Type domain.Question is not enhanced.

[2020-11-14 18:35:58 #3 type] 
Type domain.Event is not enhanced.

[2020-11-14 18:35:58 #4 type] 
Type domain.User is not enhanced.

[2020-11-14 18:35:58 #5 type] 
Type domain.Kuota is not enhanced.

[2020-11-14 18:35:58 #6 type] 
Type domain.Registered is not enhanced.

[2020-11-14 18:35:58 #7 type] 
Type domain.Mugimendua is not enhanced.

[2020-11-14 18:35:58 #8 type] 
Type domain.MoneyTrans is not enhanced.

[2020-11-14 18:35:58 #9 type] 
Type domain.Apustua is not enhanced.

[2020-11-14 18:35:58 #10 type] 
Type domain.Admin is not enhanced.

[2020-11-14 18:35:58 #11 type] 
Type domain.MultipleBet is not enhanced.

------------------------------------------------------------------------------------------------------------------------

[2020-11-14 18:38:17 #1 store] 
Database 'C:\Users\Aitor\git\Bets20IE\src\main\resources\bets.temp' is opened by 6016@DESKTOP-D9HMB1D

[2020-11-14 18:38:17 #2 type] 
Type domain.Question is not enhanced.

[2020-11-14 18:38:17 #3 type] 
Type domain.Event is not enhanced.

[2020-11-14 18:38:17 #4 type] 
Type domain.User is not enhanced.

[2020-11-14 18:38:17 #5 type] 
Type domain.Kuota is not enhanced.

[2020-11-14 18:38:17 #6 type] 
Type domain.Registered is not enhanced.

[2020-11-14 18:38:17 #7 type] 
Type domain.Mugimendua is not enhanced.

[2020-11-14 18:38:17 #8 type] 
Type domain.MoneyTrans is not enhanced.

[2020-11-14 18:38:17 #9 type] 
Type domain.Apustua is not enhanced.

[2020-11-14 18:38:17 #10 type] 
Type domain.Admin is not enhanced.

[2020-11-14 18:38:17 #11 type] 
Type domain.MultipleBet is not enhanced.

------------------------------------------------------------------------------------------------------------------------

[2020-11-14 18:42:59 #1 store] 
Database 'C:\Users\Aitor\git\Bets20IE\src\main\resources\bets.temp' is opened by 3128@DESKTOP-D9HMB1D

[2020-11-14 18:42:59 #2 type] 
Type domain.Question is not enhanced.

[2020-11-14 18:42:59 #3 type] 
Type domain.Event is not enhanced.

[2020-11-14 18:42:59 #4 type] 
Type domain.User is not enhanced.

[2020-11-14 18:42:59 #5 type] 
Type domain.Kuota is not enhanced.

[2020-11-14 18:42:59 #6 type] 
Type domain.Registered is not enhanced.

[2020-11-14 18:42:59 #7 type] 
Type domain.Mugimendua is not enhanced.

[2020-11-14 18:42:59 #8 type] 
Type domain.MoneyTrans is not enhanced.

[2020-11-14 18:42:59 #9 type] 
Type domain.Apustua is not enhanced.

[2020-11-14 18:42:59 #10 type] 
Type domain.Admin is not enhanced.

[2020-11-14 18:42:59 #11 type] 
Type domain.MultipleBet is not enhanced.

------------------------------------------------------------------------------------------------------------------------

[2020-11-14 18:59:53 #1 store] 
Database 'C:\Users\Aitor\git\Bets20IE\src\main\resources\bets.temp' is opened by 9568@DESKTOP-D9HMB1D

[2020-11-14 18:59:53 #2 type] 
Type domain.Question is not enhanced.

[2020-11-14 18:59:53 #3 type] 
Type domain.Event is not enhanced.

[2020-11-14 18:59:53 #4 type] 
Type domain.User is not enhanced.

[2020-11-14 18:59:53 #5 type] 
Type domain.Kuota is not enhanced.

[2020-11-14 18:59:53 #6 type] 
Type domain.Registered is not enhanced.

[2020-11-14 18:59:53 #7 type] 
Type domain.Mugimendua is not enhanced.

[2020-11-14 18:59:53 #8 type] 
Type domain.MoneyTrans is not enhanced.

[2020-11-14 18:59:53 #9 type] 
Type domain.Apustua is not enhanced.

[2020-11-14 18:59:53 #10 type] 
Type domain.Admin is not enhanced.

[2020-11-14 18:59:53 #11 type] 
Type domain.MultipleBet is not enhanced.

------------------------------------------------------------------------------------------------------------------------

[2020-11-14 19:16:31 #1 store] 
Database 'C:\Users\Aitor\git\Bets20IE\src\main\resources\bets.temp' is opened by 6520@DESKTOP-D9HMB1D

[2020-11-14 19:16:31 #2 type] 
Type domain.Question is not enhanced.

[2020-11-14 19:16:31 #3 type] 
Type domain.Event is not enhanced.

[2020-11-14 19:16:31 #4 type] 
Type domain.User is not enhanced.

[2020-11-14 19:16:31 #5 type] 
Type domain.Kuota is not enhanced.

[2020-11-14 19:16:31 #6 type] 
Type domain.Registered is not enhanced.

[2020-11-14 19:16:31 #7 type] 
Type domain.Mugimendua is not enhanced.

[2020-11-14 19:16:31 #8 type] 
Type domain.MoneyTrans is not enhanced.

[2020-11-14 19:16:31 #9 type] 
Type domain.Apustua is not enhanced.

[2020-11-14 19:16:31 #10 type] 
Type domain.Admin is not enhanced.

[2020-11-14 19:16:31 #11 type] 
Type domain.MultipleBet is not enhanced.

------------------------------------------------------------------------------------------------------------------------

[2020-11-14 19:17:46 #1 store] 
Database 'C:\Users\Aitor\git\Bets20IE\src\main\resources\bets.temp' is opened by 8588@DESKTOP-D9HMB1D

[2020-11-14 19:17:46 #2 type] 
Type domain.Question is not enhanced.

[2020-11-14 19:17:46 #3 type] 
Type domain.Event is not enhanced.

[2020-11-14 19:17:46 #4 type] 
Type domain.User is not enhanced.

[2020-11-14 19:17:46 #5 type] 
Type domain.Kuota is not enhanced.

[2020-11-14 19:17:46 #6 type] 
Type domain.Registered is not enhanced.

[2020-11-14 19:17:46 #7 type] 
Type domain.Mugimendua is not enhanced.

[2020-11-14 19:17:46 #8 type] 
Type domain.MoneyTrans is not enhanced.

[2020-11-14 19:17:46 #9 type] 
Type domain.Apustua is not enhanced.

[2020-11-14 19:17:46 #10 type] 
Type domain.Admin is not enhanced.

[2020-11-14 19:17:46 #11 type] 
Type domain.MultipleBet is not enhanced.

