------------------------------------------------------------------------------------------------------------------------

[2020-10-11 17:38:44 #1 store] 
Database 'C:\Users\Aitor\Desktop\SII\Bets2020\src\main\resources\bets.temp' is opened by 14268@DESKTOP-D9HMB1D

[2020-10-11 17:38:44 #2 type] 
Type domain.Question is not enhanced.

[2020-10-11 17:38:44 #3 type] 
Type domain.Event is not enhanced.

[2020-10-11 17:38:44 #4 type] 
Type domain.User is not enhanced.

[2020-10-11 17:38:44 #5 type] 
Type domain.Kuota is not enhanced.

[2020-10-11 17:38:44 #6 type] 
Type domain.Registered is not enhanced.

[2020-10-11 17:38:44 #7 type] 
Type domain.Mugimendua is not enhanced.

[2020-10-11 17:38:44 #8 type] 
Type domain.MoneyTrans is not enhanced.

[2020-10-11 17:38:44 #9 type] 
Type domain.Apustua is not enhanced.

[2020-10-11 17:38:44 #10 type] 
Type domain.Admin is not enhanced.

[2020-10-11 17:38:44 #11 type] 
Type domain.MultipleBet is not enhanced.

------------------------------------------------------------------------------------------------------------------------

[2020-10-11 17:40:25 #1 store] 
Database 'C:\Users\Aitor\Desktop\SII\Bets2020\src\main\resources\bets.temp' is opened by 5632@DESKTOP-D9HMB1D

[2020-10-11 17:40:25 #2 type] 
Type domain.Question is not enhanced.

[2020-10-11 17:40:25 #3 type] 
Type domain.Event is not enhanced.

[2020-10-11 17:40:25 #4 type] 
Type domain.User is not enhanced.

[2020-10-11 17:40:25 #5 type] 
Type domain.Kuota is not enhanced.

[2020-10-11 17:40:25 #6 type] 
Type domain.Registered is not enhanced.

[2020-10-11 17:40:25 #7 type] 
Type domain.Mugimendua is not enhanced.

[2020-10-11 17:40:25 #8 type] 
Type domain.MoneyTrans is not enhanced.

[2020-10-11 17:40:25 #9 type] 
Type domain.Apustua is not enhanced.

[2020-10-11 17:40:25 #10 type] 
Type domain.Admin is not enhanced.

[2020-10-11 17:40:25 #11 type] 
Type domain.MultipleBet is not enhanced.

------------------------------------------------------------------------------------------------------------------------

[2020-10-11 18:08:51 #1 store] 
Database 'C:\Users\Aitor\Desktop\SII\Bets2020\src\main\resources\bets.temp' is opened by 12260@DESKTOP-D9HMB1D

[2020-10-11 18:08:51 #2 type] 
Type domain.Question is not enhanced.

[2020-10-11 18:08:51 #3 type] 
Type domain.Event is not enhanced.

[2020-10-11 18:08:51 #4 type] 
Type domain.User is not enhanced.

[2020-10-11 18:08:51 #5 type] 
Type domain.Kuota is not enhanced.

[2020-10-11 18:08:51 #6 type] 
Type domain.Registered is not enhanced.

[2020-10-11 18:08:51 #7 type] 
Type domain.Mugimendua is not enhanced.

[2020-10-11 18:08:51 #8 type] 
Type domain.MoneyTrans is not enhanced.

[2020-10-11 18:08:51 #9 type] 
Type domain.Apustua is not enhanced.

[2020-10-11 18:08:51 #10 type] 
Type domain.Admin is not enhanced.

[2020-10-11 18:08:51 #11 type] 
Type domain.MultipleBet is not enhanced.

